{"level":"info","message":"Mock Backend Server running on port 5000","service":"learner-ai-backend","timestamp":"2025-10-23T19:04:25.730Z"}
{"level":"info","message":"Frontend URL: http://localhost:3000","service":"learner-ai-backend","timestamp":"2025-10-23T19:04:25.742Z"}
{"level":"info","message":"Available user types: learner, company","service":"learner-ai-backend","timestamp":"2025-10-23T19:04:25.744Z"}
{"level":"info","message":"Test endpoints:","service":"learner-ai-backend","timestamp":"2025-10-23T19:04:25.744Z"}
{"level":"info","message":"  GET /api/user-type?type=learner","service":"learner-ai-backend","timestamp":"2025-10-23T19:04:25.745Z"}
{"level":"info","message":"  GET /api/user-type?type=company","service":"learner-ai-backend","timestamp":"2025-10-23T19:04:25.747Z"}
{"level":"info","message":"Mock Backend Server running on port 5000","service":"learner-ai-backend","timestamp":"2025-10-23T19:09:06.530Z"}
{"level":"info","message":"Frontend URL: http://localhost:3000","service":"learner-ai-backend","timestamp":"2025-10-23T19:09:06.542Z"}
{"level":"info","message":"Available user types: learner, company","service":"learner-ai-backend","timestamp":"2025-10-23T19:09:06.545Z"}
{"level":"info","message":"Test endpoints:","service":"learner-ai-backend","timestamp":"2025-10-23T19:09:06.545Z"}
{"level":"info","message":"  GET /api/user-type?type=learner","service":"learner-ai-backend","timestamp":"2025-10-23T19:09:06.546Z"}
{"level":"info","message":"  GET /api/user-type?type=company","service":"learner-ai-backend","timestamp":"2025-10-23T19:09:06.547Z"}
{"level":"info","message":"Mock Backend Server running on port 5000","service":"learner-ai-backend","timestamp":"2025-10-23T19:24:50.079Z"}
{"level":"info","message":"Frontend URL: http://localhost:3000","service":"learner-ai-backend","timestamp":"2025-10-23T19:24:50.097Z"}
{"level":"info","message":"Available user types: learner, company","service":"learner-ai-backend","timestamp":"2025-10-23T19:24:50.099Z"}
{"level":"info","message":"Test endpoints:","service":"learner-ai-backend","timestamp":"2025-10-23T19:24:50.100Z"}
{"level":"info","message":"  GET /api/user-type?type=learner","service":"learner-ai-backend","timestamp":"2025-10-23T19:24:50.101Z"}
{"level":"info","message":"  GET /api/user-type?type=company","service":"learner-ai-backend","timestamp":"2025-10-23T19:24:50.102Z"}
{"level":"info","message":"Mock Backend Server running on port 5000","service":"learner-ai-backend","timestamp":"2025-10-23T20:06:52.489Z"}
{"level":"info","message":"Frontend URL: http://localhost:3000","service":"learner-ai-backend","timestamp":"2025-10-23T20:06:52.502Z"}
{"level":"info","message":"Available user types: learner, company","service":"learner-ai-backend","timestamp":"2025-10-23T20:06:52.503Z"}
{"level":"info","message":"Test endpoints:","service":"learner-ai-backend","timestamp":"2025-10-23T20:06:52.505Z"}
{"level":"info","message":"  GET /api/user-type?type=learner","service":"learner-ai-backend","timestamp":"2025-10-23T20:06:52.505Z"}
{"level":"info","message":"  GET /api/user-type?type=company","service":"learner-ai-backend","timestamp":"2025-10-23T20:06:52.506Z"}
{"level":"info","message":"Mock Backend Server running on port 5000","service":"learner-ai-backend","timestamp":"2025-10-23T20:07:30.775Z"}
{"level":"info","message":"Frontend URL: http://localhost:3000","service":"learner-ai-backend","timestamp":"2025-10-23T20:07:30.783Z"}
{"level":"info","message":"Available user types: learner, company","service":"learner-ai-backend","timestamp":"2025-10-23T20:07:30.784Z"}
{"level":"info","message":"Test endpoints:","service":"learner-ai-backend","timestamp":"2025-10-23T20:07:30.785Z"}
{"level":"info","message":"  GET /api/user-type?type=learner","service":"learner-ai-backend","timestamp":"2025-10-23T20:07:30.786Z"}
{"level":"info","message":"  GET /api/user-type?type=company","service":"learner-ai-backend","timestamp":"2025-10-23T20:07:30.788Z"}
{"level":"info","message":"Mock Backend Server running on port 5000","service":"learner-ai-backend","timestamp":"2025-10-23T20:07:45.073Z"}
{"level":"info","message":"Frontend URL: http://localhost:3000","service":"learner-ai-backend","timestamp":"2025-10-23T20:07:45.084Z"}
{"level":"info","message":"Available user types: learner, company","service":"learner-ai-backend","timestamp":"2025-10-23T20:07:45.085Z"}
{"level":"info","message":"Test endpoints:","service":"learner-ai-backend","timestamp":"2025-10-23T20:07:45.086Z"}
{"level":"info","message":"  GET /api/user-type?type=learner","service":"learner-ai-backend","timestamp":"2025-10-23T20:07:45.086Z"}
{"level":"info","message":"  GET /api/user-type?type=company","service":"learner-ai-backend","timestamp":"2025-10-23T20:07:45.087Z"}
{"level":"info","message":"Mock Backend Server running on port 5000","service":"learner-ai-backend","timestamp":"2025-10-23T20:08:04.060Z"}
{"level":"info","message":"Frontend URL: http://localhost:3000","service":"learner-ai-backend","timestamp":"2025-10-23T20:08:04.074Z"}
{"level":"info","message":"Available user types: learner, company","service":"learner-ai-backend","timestamp":"2025-10-23T20:08:04.075Z"}
{"level":"info","message":"Test endpoints:","service":"learner-ai-backend","timestamp":"2025-10-23T20:08:04.075Z"}
{"level":"info","message":"  GET /api/user-type?type=learner","service":"learner-ai-backend","timestamp":"2025-10-23T20:08:04.076Z"}
{"level":"info","message":"  GET /api/user-type?type=company","service":"learner-ai-backend","timestamp":"2025-10-23T20:08:04.077Z"}
{"level":"info","message":"Mock Backend Server running on port 5000","service":"learner-ai-backend","timestamp":"2025-10-23T20:19:42.420Z"}
{"level":"info","message":"Frontend URL: http://localhost:3000","service":"learner-ai-backend","timestamp":"2025-10-23T20:19:42.426Z"}
{"level":"info","message":"Available user types: learner, company","service":"learner-ai-backend","timestamp":"2025-10-23T20:19:42.427Z"}
{"level":"info","message":"Test endpoints:","service":"learner-ai-backend","timestamp":"2025-10-23T20:19:42.427Z"}
{"level":"info","message":"  GET /api/user-type?type=learner","service":"learner-ai-backend","timestamp":"2025-10-23T20:19:42.428Z"}
{"level":"info","message":"  GET /api/user-type?type=company","service":"learner-ai-backend","timestamp":"2025-10-23T20:19:42.432Z"}
{"level":"info","message":"Mock Backend Server running on port 5000","service":"learner-ai-backend","timestamp":"2025-10-23T20:20:17.647Z"}
{"level":"info","message":"Frontend URL: http://localhost:3000","service":"learner-ai-backend","timestamp":"2025-10-23T20:20:17.666Z"}
{"level":"info","message":"Available user types: learner, company","service":"learner-ai-backend","timestamp":"2025-10-23T20:20:17.668Z"}
{"level":"info","message":"Test endpoints:","service":"learner-ai-backend","timestamp":"2025-10-23T20:20:17.669Z"}
{"level":"info","message":"  GET /api/user-type?type=learner","service":"learner-ai-backend","timestamp":"2025-10-23T20:20:17.670Z"}
{"level":"info","message":"  GET /api/user-type?type=company","service":"learner-ai-backend","timestamp":"2025-10-23T20:20:17.672Z"}
{"level":"info","message":"Mock Backend Server running on port 5000","service":"learner-ai-backend","timestamp":"2025-10-23T20:20:45.108Z"}
{"level":"info","message":"Frontend URL: http://localhost:3000","service":"learner-ai-backend","timestamp":"2025-10-23T20:20:45.117Z"}
{"level":"info","message":"Available user types: learner, company","service":"learner-ai-backend","timestamp":"2025-10-23T20:20:45.117Z"}
{"level":"info","message":"Test endpoints:","service":"learner-ai-backend","timestamp":"2025-10-23T20:20:45.118Z"}
{"level":"info","message":"  GET /api/user-type?type=learner","service":"learner-ai-backend","timestamp":"2025-10-23T20:20:45.118Z"}
{"level":"info","message":"  GET /api/user-type?type=company","service":"learner-ai-backend","timestamp":"2025-10-23T20:20:45.119Z"}
{"level":"info","message":"Mock Backend Server running on port 5000","service":"learner-ai-backend","timestamp":"2025-10-23T20:21:53.984Z"}
{"level":"info","message":"Frontend URL: http://localhost:3000","service":"learner-ai-backend","timestamp":"2025-10-23T20:21:53.988Z"}
{"level":"info","message":"Available user types: learner, company","service":"learner-ai-backend","timestamp":"2025-10-23T20:21:53.989Z"}
{"level":"info","message":"Test endpoints:","service":"learner-ai-backend","timestamp":"2025-10-23T20:21:53.989Z"}
{"level":"info","message":"  GET /api/user-type?type=learner","service":"learner-ai-backend","timestamp":"2025-10-23T20:21:53.989Z"}
{"level":"info","message":"  GET /api/user-type?type=company","service":"learner-ai-backend","timestamp":"2025-10-23T20:21:53.990Z"}
{"level":"info","message":"Mock Backend Server running on port 5000","service":"learner-ai-backend","timestamp":"2025-10-23T20:22:26.707Z"}
{"level":"info","message":"Frontend URL: http://localhost:3000","service":"learner-ai-backend","timestamp":"2025-10-23T20:22:26.712Z"}
{"level":"info","message":"Available user types: learner, company","service":"learner-ai-backend","timestamp":"2025-10-23T20:22:26.713Z"}
{"level":"info","message":"Test endpoints:","service":"learner-ai-backend","timestamp":"2025-10-23T20:22:26.713Z"}
{"level":"info","message":"  GET /api/user-type?type=learner","service":"learner-ai-backend","timestamp":"2025-10-23T20:22:26.714Z"}
{"level":"info","message":"  GET /api/user-type?type=company","service":"learner-ai-backend","timestamp":"2025-10-23T20:22:26.714Z"}
{"level":"info","message":"Mock Backend Server running on port 5000","service":"learner-ai-backend","timestamp":"2025-10-23T21:20:23.425Z"}
{"level":"info","message":"Frontend URL: http://localhost:3000","service":"learner-ai-backend","timestamp":"2025-10-23T21:20:23.432Z"}
{"level":"info","message":"Available user types: learner, company","service":"learner-ai-backend","timestamp":"2025-10-23T21:20:23.433Z"}
{"level":"info","message":"Test endpoints:","service":"learner-ai-backend","timestamp":"2025-10-23T21:20:23.434Z"}
{"level":"info","message":"  GET /api/user-type?type=learner","service":"learner-ai-backend","timestamp":"2025-10-23T21:20:23.434Z"}
{"level":"info","message":"  GET /api/user-type?type=company","service":"learner-ai-backend","timestamp":"2025-10-23T21:20:23.435Z"}
{"level":"info","message":"Mock Backend Server running on port 5000","service":"learner-ai-backend","timestamp":"2025-10-23T21:20:29.038Z"}
{"level":"info","message":"Frontend URL: http://localhost:3000","service":"learner-ai-backend","timestamp":"2025-10-23T21:20:29.042Z"}
{"level":"info","message":"Available user types: learner, company","service":"learner-ai-backend","timestamp":"2025-10-23T21:20:29.042Z"}
{"level":"info","message":"Test endpoints:","service":"learner-ai-backend","timestamp":"2025-10-23T21:20:29.043Z"}
{"level":"info","message":"  GET /api/user-type?type=learner","service":"learner-ai-backend","timestamp":"2025-10-23T21:20:29.043Z"}
{"level":"info","message":"  GET /api/user-type?type=company","service":"learner-ai-backend","timestamp":"2025-10-23T21:20:29.046Z"}
{"level":"info","message":"Mock Backend Server running on port 5000","service":"learner-ai-backend","timestamp":"2025-10-23T21:20:35.971Z"}
{"level":"info","message":"Frontend URL: http://localhost:3000","service":"learner-ai-backend","timestamp":"2025-10-23T21:20:35.977Z"}
{"level":"info","message":"Available user types: learner, company","service":"learner-ai-backend","timestamp":"2025-10-23T21:20:35.978Z"}
{"level":"info","message":"Test endpoints:","service":"learner-ai-backend","timestamp":"2025-10-23T21:20:35.978Z"}
{"level":"info","message":"  GET /api/user-type?type=learner","service":"learner-ai-backend","timestamp":"2025-10-23T21:20:35.979Z"}
{"level":"info","message":"  GET /api/user-type?type=company","service":"learner-ai-backend","timestamp":"2025-10-23T21:20:35.979Z"}
{"level":"info","message":"Mock Backend Server running on port 5000","service":"learner-ai-backend","timestamp":"2025-10-23T21:20:46.884Z"}
{"level":"info","message":"Frontend URL: http://localhost:3000","service":"learner-ai-backend","timestamp":"2025-10-23T21:20:46.892Z"}
{"level":"info","message":"Available user types: learner, company","service":"learner-ai-backend","timestamp":"2025-10-23T21:20:46.894Z"}
{"level":"info","message":"Test endpoints:","service":"learner-ai-backend","timestamp":"2025-10-23T21:20:46.895Z"}
{"level":"info","message":"  GET /api/user-type?type=learner","service":"learner-ai-backend","timestamp":"2025-10-23T21:20:46.896Z"}
{"level":"info","message":"  GET /api/user-type?type=company","service":"learner-ai-backend","timestamp":"2025-10-23T21:20:46.896Z"}
{"level":"info","message":"Mock Backend Server running on port 5000","service":"learner-ai-backend","timestamp":"2025-10-23T21:22:08.101Z"}
{"level":"info","message":"Frontend URL: http://localhost:3000","service":"learner-ai-backend","timestamp":"2025-10-23T21:22:08.108Z"}
{"level":"info","message":"Available user types: learner, company","service":"learner-ai-backend","timestamp":"2025-10-23T21:22:08.108Z"}
{"level":"info","message":"Test endpoints:","service":"learner-ai-backend","timestamp":"2025-10-23T21:22:08.108Z"}
{"level":"info","message":"  GET /api/user-type?type=learner","service":"learner-ai-backend","timestamp":"2025-10-23T21:22:08.109Z"}
{"level":"info","message":"  GET /api/user-type?type=company","service":"learner-ai-backend","timestamp":"2025-10-23T21:22:08.109Z"}
{"level":"info","message":"Mock Backend Server running on port 5000","service":"learner-ai-backend","timestamp":"2025-10-23T21:23:36.293Z"}
{"level":"info","message":"Frontend URL: http://localhost:3000","service":"learner-ai-backend","timestamp":"2025-10-23T21:23:36.298Z"}
{"level":"info","message":"Available user types: learner, company","service":"learner-ai-backend","timestamp":"2025-10-23T21:23:36.299Z"}
{"level":"info","message":"Test endpoints:","service":"learner-ai-backend","timestamp":"2025-10-23T21:23:36.300Z"}
{"level":"info","message":"  GET /api/user-type?type=learner","service":"learner-ai-backend","timestamp":"2025-10-23T21:23:36.302Z"}
{"level":"info","message":"  GET /api/user-type?type=company","service":"learner-ai-backend","timestamp":"2025-10-23T21:23:36.303Z"}
{"level":"info","message":"Mock Backend Server running on port 5000","service":"learner-ai-backend","timestamp":"2025-10-23T21:26:58.262Z"}
{"level":"info","message":"Frontend URL: http://localhost:3000","service":"learner-ai-backend","timestamp":"2025-10-23T21:26:58.266Z"}
{"level":"info","message":"Available user types: learner, company","service":"learner-ai-backend","timestamp":"2025-10-23T21:26:58.268Z"}
{"level":"info","message":"Test endpoints:","service":"learner-ai-backend","timestamp":"2025-10-23T21:26:58.269Z"}
{"level":"info","message":"  GET /api/user-type?type=learner","service":"learner-ai-backend","timestamp":"2025-10-23T21:26:58.270Z"}
{"level":"info","message":"  GET /api/user-type?type=company","service":"learner-ai-backend","timestamp":"2025-10-23T21:26:58.271Z"}
{"level":"info","message":"Mock Backend Server running on port 5000","service":"learner-ai-backend","timestamp":"2025-10-23T21:27:05.273Z"}
{"level":"info","message":"Frontend URL: http://localhost:3000","service":"learner-ai-backend","timestamp":"2025-10-23T21:27:05.278Z"}
{"level":"info","message":"Available user types: learner, company","service":"learner-ai-backend","timestamp":"2025-10-23T21:27:05.278Z"}
{"level":"info","message":"Test endpoints:","service":"learner-ai-backend","timestamp":"2025-10-23T21:27:05.279Z"}
{"level":"info","message":"  GET /api/user-type?type=learner","service":"learner-ai-backend","timestamp":"2025-10-23T21:27:05.279Z"}
{"level":"info","message":"  GET /api/user-type?type=company","service":"learner-ai-backend","timestamp":"2025-10-23T21:27:05.279Z"}
{"level":"info","message":"Mock Backend Server running on port 5000","service":"learner-ai-backend","timestamp":"2025-10-23T21:27:13.905Z"}
{"level":"info","message":"Frontend URL: http://localhost:3000","service":"learner-ai-backend","timestamp":"2025-10-23T21:27:13.910Z"}
{"level":"info","message":"Available user types: learner, company","service":"learner-ai-backend","timestamp":"2025-10-23T21:27:13.910Z"}
{"level":"info","message":"Test endpoints:","service":"learner-ai-backend","timestamp":"2025-10-23T21:27:13.911Z"}
{"level":"info","message":"  GET /api/user-type?type=learner","service":"learner-ai-backend","timestamp":"2025-10-23T21:27:13.911Z"}
{"level":"info","message":"  GET /api/user-type?type=company","service":"learner-ai-backend","timestamp":"2025-10-23T21:27:13.912Z"}
{"level":"info","message":"Mock Backend Server running on port 5000","service":"learner-ai-backend","timestamp":"2025-10-23T21:27:20.775Z"}
{"level":"info","message":"Frontend URL: http://localhost:3000","service":"learner-ai-backend","timestamp":"2025-10-23T21:27:20.783Z"}
{"level":"info","message":"Available user types: learner, company","service":"learner-ai-backend","timestamp":"2025-10-23T21:27:20.784Z"}
{"level":"info","message":"Test endpoints:","service":"learner-ai-backend","timestamp":"2025-10-23T21:27:20.784Z"}
{"level":"info","message":"  GET /api/user-type?type=learner","service":"learner-ai-backend","timestamp":"2025-10-23T21:27:20.784Z"}
{"level":"info","message":"  GET /api/user-type?type=company","service":"learner-ai-backend","timestamp":"2025-10-23T21:27:20.785Z"}
{"level":"info","message":"Mock Backend Server running on port 5000","service":"learner-ai-backend","timestamp":"2025-10-23T21:27:30.235Z"}
{"level":"info","message":"Frontend URL: http://localhost:3000","service":"learner-ai-backend","timestamp":"2025-10-23T21:27:30.240Z"}
{"level":"info","message":"Available user types: learner, company","service":"learner-ai-backend","timestamp":"2025-10-23T21:27:30.241Z"}
{"level":"info","message":"Test endpoints:","service":"learner-ai-backend","timestamp":"2025-10-23T21:27:30.241Z"}
{"level":"info","message":"  GET /api/user-type?type=learner","service":"learner-ai-backend","timestamp":"2025-10-23T21:27:30.242Z"}
{"level":"info","message":"  GET /api/user-type?type=company","service":"learner-ai-backend","timestamp":"2025-10-23T21:27:30.242Z"}
{"level":"info","message":"Mock Backend Server running on port 5000","service":"learner-ai-backend","timestamp":"2025-10-23T21:27:34.461Z"}
{"level":"info","message":"Frontend URL: http://localhost:3000","service":"learner-ai-backend","timestamp":"2025-10-23T21:27:34.468Z"}
{"level":"info","message":"Available user types: learner, company","service":"learner-ai-backend","timestamp":"2025-10-23T21:27:34.469Z"}
{"level":"info","message":"Test endpoints:","service":"learner-ai-backend","timestamp":"2025-10-23T21:27:34.469Z"}
{"level":"info","message":"  GET /api/user-type?type=learner","service":"learner-ai-backend","timestamp":"2025-10-23T21:27:34.470Z"}
{"level":"info","message":"  GET /api/user-type?type=company","service":"learner-ai-backend","timestamp":"2025-10-23T21:27:34.470Z"}
{"level":"info","message":"Mock Backend Server running on port 5000","service":"learner-ai-backend","timestamp":"2025-10-23T21:27:42.430Z"}
{"level":"info","message":"Frontend URL: http://localhost:3000","service":"learner-ai-backend","timestamp":"2025-10-23T21:27:42.435Z"}
{"level":"info","message":"Available user types: learner, company","service":"learner-ai-backend","timestamp":"2025-10-23T21:27:42.436Z"}
{"level":"info","message":"Test endpoints:","service":"learner-ai-backend","timestamp":"2025-10-23T21:27:42.436Z"}
{"level":"info","message":"  GET /api/user-type?type=learner","service":"learner-ai-backend","timestamp":"2025-10-23T21:27:42.436Z"}
{"level":"info","message":"  GET /api/user-type?type=company","service":"learner-ai-backend","timestamp":"2025-10-23T21:27:42.437Z"}
{"level":"info","message":"Mock Backend Server running on port 5000","service":"learner-ai-backend","timestamp":"2025-10-23T21:27:55.367Z"}
{"level":"info","message":"Frontend URL: http://localhost:3000","service":"learner-ai-backend","timestamp":"2025-10-23T21:27:55.375Z"}
{"level":"info","message":"Available user types: learner, company","service":"learner-ai-backend","timestamp":"2025-10-23T21:27:55.375Z"}
{"level":"info","message":"Test endpoints:","service":"learner-ai-backend","timestamp":"2025-10-23T21:27:55.376Z"}
{"level":"info","message":"  GET /api/user-type?type=learner","service":"learner-ai-backend","timestamp":"2025-10-23T21:27:55.376Z"}
{"level":"info","message":"  GET /api/user-type?type=company","service":"learner-ai-backend","timestamp":"2025-10-23T21:27:55.377Z"}
{"level":"info","message":"Mock Backend Server running on port 5000","service":"learner-ai-backend","timestamp":"2025-10-23T21:27:59.413Z"}
{"level":"info","message":"Frontend URL: http://localhost:3000","service":"learner-ai-backend","timestamp":"2025-10-23T21:27:59.416Z"}
{"level":"info","message":"Available user types: learner, company","service":"learner-ai-backend","timestamp":"2025-10-23T21:27:59.417Z"}
{"level":"info","message":"Test endpoints:","service":"learner-ai-backend","timestamp":"2025-10-23T21:27:59.417Z"}
{"level":"info","message":"  GET /api/user-type?type=learner","service":"learner-ai-backend","timestamp":"2025-10-23T21:27:59.417Z"}
{"level":"info","message":"  GET /api/user-type?type=company","service":"learner-ai-backend","timestamp":"2025-10-23T21:27:59.417Z"}
{"level":"info","message":"Mock Backend Server running on port 5000","service":"learner-ai-backend","timestamp":"2025-10-23T21:28:03.863Z"}
{"level":"info","message":"Frontend URL: http://localhost:3000","service":"learner-ai-backend","timestamp":"2025-10-23T21:28:03.873Z"}
{"level":"info","message":"Available user types: learner, company","service":"learner-ai-backend","timestamp":"2025-10-23T21:28:03.874Z"}
{"level":"info","message":"Test endpoints:","service":"learner-ai-backend","timestamp":"2025-10-23T21:28:03.874Z"}
{"level":"info","message":"  GET /api/user-type?type=learner","service":"learner-ai-backend","timestamp":"2025-10-23T21:28:03.875Z"}
{"level":"info","message":"  GET /api/user-type?type=company","service":"learner-ai-backend","timestamp":"2025-10-23T21:28:03.875Z"}
{"level":"info","message":"Mock Backend Server running on port 5000","service":"learner-ai-backend","timestamp":"2025-10-23T21:29:26.115Z"}
{"level":"info","message":"Frontend URL: http://localhost:3000","service":"learner-ai-backend","timestamp":"2025-10-23T21:29:26.120Z"}
{"level":"info","message":"Available user types: learner, company","service":"learner-ai-backend","timestamp":"2025-10-23T21:29:26.121Z"}
{"level":"info","message":"Test endpoints:","service":"learner-ai-backend","timestamp":"2025-10-23T21:29:26.121Z"}
{"level":"info","message":"  GET /api/user-type?type=learner","service":"learner-ai-backend","timestamp":"2025-10-23T21:29:26.121Z"}
{"level":"info","message":"  GET /api/user-type?type=company","service":"learner-ai-backend","timestamp":"2025-10-23T21:29:26.121Z"}
{"level":"info","message":"Mock Backend Server running on port 5000","service":"learner-ai-backend","timestamp":"2025-10-23T21:44:07.596Z"}
{"level":"info","message":"Frontend URL: http://localhost:3000","service":"learner-ai-backend","timestamp":"2025-10-23T21:44:07.601Z"}
{"level":"info","message":"Available user types: learner, company","service":"learner-ai-backend","timestamp":"2025-10-23T21:44:07.602Z"}
{"level":"info","message":"Test endpoints:","service":"learner-ai-backend","timestamp":"2025-10-23T21:44:07.602Z"}
{"level":"info","message":"  GET /api/user-type?type=learner","service":"learner-ai-backend","timestamp":"2025-10-23T21:44:07.602Z"}
{"level":"info","message":"  GET /api/user-type?type=company","service":"learner-ai-backend","timestamp":"2025-10-23T21:44:07.603Z"}
{"level":"info","message":"Mock Backend Server running on port 5000","service":"learner-ai-backend","timestamp":"2025-10-23T21:44:22.980Z"}
{"level":"info","message":"Frontend URL: http://localhost:3000","service":"learner-ai-backend","timestamp":"2025-10-23T21:44:22.984Z"}
{"level":"info","message":"Available user types: learner, company","service":"learner-ai-backend","timestamp":"2025-10-23T21:44:22.985Z"}
{"level":"info","message":"Test endpoints:","service":"learner-ai-backend","timestamp":"2025-10-23T21:44:22.988Z"}
{"level":"info","message":"  GET /api/user-type?type=learner","service":"learner-ai-backend","timestamp":"2025-10-23T21:44:22.989Z"}
{"level":"info","message":"  GET /api/user-type?type=company","service":"learner-ai-backend","timestamp":"2025-10-23T21:44:22.989Z"}
{"level":"info","message":"Mock Backend Server running on port 5000","service":"learner-ai-backend","timestamp":"2025-10-23T21:44:31.648Z"}
{"level":"info","message":"Frontend URL: http://localhost:3000","service":"learner-ai-backend","timestamp":"2025-10-23T21:44:31.660Z"}
{"level":"info","message":"Available user types: learner, company","service":"learner-ai-backend","timestamp":"2025-10-23T21:44:31.661Z"}
{"level":"info","message":"Test endpoints:","service":"learner-ai-backend","timestamp":"2025-10-23T21:44:31.661Z"}
{"level":"info","message":"  GET /api/user-type?type=learner","service":"learner-ai-backend","timestamp":"2025-10-23T21:44:31.662Z"}
{"level":"info","message":"  GET /api/user-type?type=company","service":"learner-ai-backend","timestamp":"2025-10-23T21:44:31.662Z"}
{"level":"info","message":"Mock Backend Server running on port 5000","service":"learner-ai-backend","timestamp":"2025-10-23T21:44:43.774Z"}
{"level":"info","message":"Frontend URL: http://localhost:3000","service":"learner-ai-backend","timestamp":"2025-10-23T21:44:43.778Z"}
{"level":"info","message":"Available user types: learner, company","service":"learner-ai-backend","timestamp":"2025-10-23T21:44:43.779Z"}
{"level":"info","message":"Test endpoints:","service":"learner-ai-backend","timestamp":"2025-10-23T21:44:43.779Z"}
{"level":"info","message":"  GET /api/user-type?type=learner","service":"learner-ai-backend","timestamp":"2025-10-23T21:44:43.781Z"}
{"level":"info","message":"  GET /api/user-type?type=company","service":"learner-ai-backend","timestamp":"2025-10-23T21:44:43.782Z"}
{"level":"info","message":"Mock Backend Server running on port 5000","service":"learner-ai-backend","timestamp":"2025-10-23T21:45:03.721Z"}
{"level":"info","message":"Frontend URL: http://localhost:3000","service":"learner-ai-backend","timestamp":"2025-10-23T21:45:03.737Z"}
{"level":"info","message":"Available user types: learner, company","service":"learner-ai-backend","timestamp":"2025-10-23T21:45:03.738Z"}
{"level":"info","message":"Test endpoints:","service":"learner-ai-backend","timestamp":"2025-10-23T21:45:03.739Z"}
{"level":"info","message":"  GET /api/user-type?type=learner","service":"learner-ai-backend","timestamp":"2025-10-23T21:45:03.739Z"}
{"level":"info","message":"  GET /api/user-type?type=company","service":"learner-ai-backend","timestamp":"2025-10-23T21:45:03.750Z"}
{"level":"info","message":"Mock Backend Server running on port 5000","service":"learner-ai-backend","timestamp":"2025-10-24T06:39:33.671Z"}
{"level":"info","message":"Frontend URL: http://localhost:3000","service":"learner-ai-backend","timestamp":"2025-10-24T06:39:33.694Z"}
{"level":"info","message":"Available user types: learner, company","service":"learner-ai-backend","timestamp":"2025-10-24T06:39:33.696Z"}
{"level":"info","message":"Test endpoints:","service":"learner-ai-backend","timestamp":"2025-10-24T06:39:33.699Z"}
{"level":"info","message":"  GET /api/user-type?type=learner","service":"learner-ai-backend","timestamp":"2025-10-24T06:39:33.700Z"}
{"level":"info","message":"  GET /api/user-type?type=company","service":"learner-ai-backend","timestamp":"2025-10-24T06:39:33.702Z"}
{"level":"info","message":"Mock Backend Server running on port 5000","service":"learner-ai-backend","timestamp":"2025-10-24T11:11:33.853Z"}
{"level":"info","message":"Frontend URL: http://localhost:3000","service":"learner-ai-backend","timestamp":"2025-10-24T11:11:33.858Z"}
{"level":"info","message":"Available user types: learner, company","service":"learner-ai-backend","timestamp":"2025-10-24T11:11:33.859Z"}
{"level":"info","message":"Test endpoints:","service":"learner-ai-backend","timestamp":"2025-10-24T11:11:33.859Z"}
{"level":"info","message":"  GET /api/user-type?type=learner","service":"learner-ai-backend","timestamp":"2025-10-24T11:11:33.859Z"}
{"level":"info","message":"  GET /api/user-type?type=company","service":"learner-ai-backend","timestamp":"2025-10-24T11:11:33.860Z"}
{"level":"info","message":"Mock Backend Server running on port 5000","service":"learner-ai-backend","timestamp":"2025-10-24T11:11:45.333Z"}
{"level":"info","message":"Frontend URL: http://localhost:3000","service":"learner-ai-backend","timestamp":"2025-10-24T11:11:45.337Z"}
{"level":"info","message":"Available user types: learner, company","service":"learner-ai-backend","timestamp":"2025-10-24T11:11:45.338Z"}
{"level":"info","message":"Test endpoints:","service":"learner-ai-backend","timestamp":"2025-10-24T11:11:45.338Z"}
{"level":"info","message":"  GET /api/user-type?type=learner","service":"learner-ai-backend","timestamp":"2025-10-24T11:11:45.338Z"}
{"level":"info","message":"  GET /api/user-type?type=company","service":"learner-ai-backend","timestamp":"2025-10-24T11:11:45.339Z"}
{"level":"info","message":"Mock Backend Server running on port 5000","service":"learner-ai-backend","timestamp":"2025-10-24T11:11:46.786Z"}
{"level":"info","message":"Frontend URL: http://localhost:3000","service":"learner-ai-backend","timestamp":"2025-10-24T11:11:46.790Z"}
{"level":"info","message":"Available user types: learner, company","service":"learner-ai-backend","timestamp":"2025-10-24T11:11:46.790Z"}
{"level":"info","message":"Test endpoints:","service":"learner-ai-backend","timestamp":"2025-10-24T11:11:46.791Z"}
{"level":"info","message":"  GET /api/user-type?type=learner","service":"learner-ai-backend","timestamp":"2025-10-24T11:11:46.791Z"}
{"level":"info","message":"  GET /api/user-type?type=company","service":"learner-ai-backend","timestamp":"2025-10-24T11:11:46.791Z"}
{"level":"info","message":"Mock Backend Server running on port 5000","service":"learner-ai-backend","timestamp":"2025-10-24T11:12:19.401Z"}
{"level":"info","message":"Frontend URL: http://localhost:3000","service":"learner-ai-backend","timestamp":"2025-10-24T11:12:19.404Z"}
{"level":"info","message":"Available user types: learner, company","service":"learner-ai-backend","timestamp":"2025-10-24T11:12:19.405Z"}
{"level":"info","message":"Test endpoints:","service":"learner-ai-backend","timestamp":"2025-10-24T11:12:19.405Z"}
{"level":"info","message":"  GET /api/user-type?type=learner","service":"learner-ai-backend","timestamp":"2025-10-24T11:12:19.406Z"}
{"level":"info","message":"  GET /api/user-type?type=company","service":"learner-ai-backend","timestamp":"2025-10-24T11:12:19.406Z"}
{"level":"info","message":"Mock Backend Server running on port 5000","service":"learner-ai-backend","timestamp":"2025-10-24T11:12:29.391Z"}
{"level":"info","message":"Frontend URL: http://localhost:3000","service":"learner-ai-backend","timestamp":"2025-10-24T11:12:29.394Z"}
{"level":"info","message":"Available user types: learner, company","service":"learner-ai-backend","timestamp":"2025-10-24T11:12:29.394Z"}
{"level":"info","message":"Test endpoints:","service":"learner-ai-backend","timestamp":"2025-10-24T11:12:29.395Z"}
{"level":"info","message":"  GET /api/user-type?type=learner","service":"learner-ai-backend","timestamp":"2025-10-24T11:12:29.395Z"}
{"level":"info","message":"  GET /api/user-type?type=company","service":"learner-ai-backend","timestamp":"2025-10-24T11:12:29.395Z"}
{"level":"info","message":"Mock Backend Server running on port 5000","service":"learner-ai-backend","timestamp":"2025-10-24T11:14:01.427Z"}
{"level":"info","message":"Frontend URL: http://localhost:3000","service":"learner-ai-backend","timestamp":"2025-10-24T11:14:01.433Z"}
{"level":"info","message":"Available user types: learner, company","service":"learner-ai-backend","timestamp":"2025-10-24T11:14:01.433Z"}
{"level":"info","message":"Test endpoints:","service":"learner-ai-backend","timestamp":"2025-10-24T11:14:01.434Z"}
{"level":"info","message":"  GET /api/user-type?type=learner","service":"learner-ai-backend","timestamp":"2025-10-24T11:14:01.434Z"}
{"level":"info","message":"  GET /api/user-type?type=company","service":"learner-ai-backend","timestamp":"2025-10-24T11:14:01.435Z"}
{"level":"info","message":"Mock Backend Server running on port 5000","service":"learner-ai-backend","timestamp":"2025-10-24T11:59:08.889Z"}
{"level":"info","message":"Frontend URL: http://localhost:3000","service":"learner-ai-backend","timestamp":"2025-10-24T11:59:08.899Z"}
{"level":"info","message":"Available user types: learner, company","service":"learner-ai-backend","timestamp":"2025-10-24T11:59:08.900Z"}
{"level":"info","message":"Test endpoints:","service":"learner-ai-backend","timestamp":"2025-10-24T11:59:08.901Z"}
{"level":"info","message":"  GET /api/user-type?type=learner","service":"learner-ai-backend","timestamp":"2025-10-24T11:59:08.901Z"}
{"level":"info","message":"  GET /api/user-type?type=company","service":"learner-ai-backend","timestamp":"2025-10-24T11:59:08.906Z"}
{"level":"info","message":"Mock Backend Server running on port 5000","service":"learner-ai-backend","timestamp":"2025-10-24T12:02:15.256Z"}
{"level":"info","message":"Frontend URL: http://localhost:3000","service":"learner-ai-backend","timestamp":"2025-10-24T12:02:15.267Z"}
{"level":"info","message":"Available user types: learner, company","service":"learner-ai-backend","timestamp":"2025-10-24T12:02:15.268Z"}
{"level":"info","message":"Test endpoints:","service":"learner-ai-backend","timestamp":"2025-10-24T12:02:15.269Z"}
{"level":"info","message":"  GET /api/user-type?type=learner","service":"learner-ai-backend","timestamp":"2025-10-24T12:02:15.270Z"}
{"level":"info","message":"  GET /api/user-type?type=company","service":"learner-ai-backend","timestamp":"2025-10-24T12:02:15.271Z"}
{"level":"info","message":"Mock Backend Server running on port 5000","service":"learner-ai-backend","timestamp":"2025-10-24T18:06:40.119Z"}
{"level":"info","message":"Frontend URL: http://localhost:3000","service":"learner-ai-backend","timestamp":"2025-10-24T18:06:40.124Z"}
{"level":"info","message":"Available user types: learner, company","service":"learner-ai-backend","timestamp":"2025-10-24T18:06:40.124Z"}
{"level":"info","message":"Test endpoints:","service":"learner-ai-backend","timestamp":"2025-10-24T18:06:40.125Z"}
{"level":"info","message":"  GET /api/user-type?type=learner","service":"learner-ai-backend","timestamp":"2025-10-24T18:06:40.125Z"}
{"level":"info","message":"  GET /api/user-type?type=company","service":"learner-ai-backend","timestamp":"2025-10-24T18:06:40.126Z"}
{"level":"info","message":"Mock Backend Server running on port 5000","service":"learner-ai-backend","timestamp":"2025-10-24T18:07:19.649Z"}
{"level":"info","message":"Frontend URL: http://localhost:3000","service":"learner-ai-backend","timestamp":"2025-10-24T18:07:19.656Z"}
{"level":"info","message":"Available user types: learner, company","service":"learner-ai-backend","timestamp":"2025-10-24T18:07:19.658Z"}
{"level":"info","message":"Test endpoints:","service":"learner-ai-backend","timestamp":"2025-10-24T18:07:19.658Z"}
{"level":"info","message":"  GET /api/user-type?type=learner","service":"learner-ai-backend","timestamp":"2025-10-24T18:07:19.659Z"}
{"level":"info","message":"  GET /api/user-type?type=company","service":"learner-ai-backend","timestamp":"2025-10-24T18:07:19.660Z"}
{"level":"info","message":"Mock Backend Server running on port 5000","service":"learner-ai-backend","timestamp":"2025-10-24T18:07:22.567Z"}
{"level":"info","message":"Frontend URL: http://localhost:3000","service":"learner-ai-backend","timestamp":"2025-10-24T18:07:22.570Z"}
{"level":"info","message":"Available user types: learner, company","service":"learner-ai-backend","timestamp":"2025-10-24T18:07:22.571Z"}
{"level":"info","message":"Test endpoints:","service":"learner-ai-backend","timestamp":"2025-10-24T18:07:22.572Z"}
{"level":"info","message":"  GET /api/user-type?type=learner","service":"learner-ai-backend","timestamp":"2025-10-24T18:07:22.573Z"}
{"level":"info","message":"  GET /api/user-type?type=company","service":"learner-ai-backend","timestamp":"2025-10-24T18:07:22.574Z"}
{"level":"info","message":"Mock Backend Server running on port 5000","service":"learner-ai-backend","timestamp":"2025-10-24T18:09:50.541Z"}
{"level":"info","message":"Frontend URL: http://localhost:3000","service":"learner-ai-backend","timestamp":"2025-10-24T18:09:50.546Z"}
{"level":"info","message":"Available user types: learner, company","service":"learner-ai-backend","timestamp":"2025-10-24T18:09:50.547Z"}
{"level":"info","message":"Test endpoints:","service":"learner-ai-backend","timestamp":"2025-10-24T18:09:50.547Z"}
{"level":"info","message":"  GET /api/user-type?type=learner","service":"learner-ai-backend","timestamp":"2025-10-24T18:09:50.548Z"}
{"level":"info","message":"  GET /api/user-type?type=company","service":"learner-ai-backend","timestamp":"2025-10-24T18:09:50.549Z"}
{"level":"info","message":"Mock Backend Server running on port 5000","service":"learner-ai-backend","timestamp":"2025-10-24T18:10:32.771Z"}
{"level":"info","message":"Frontend URL: http://localhost:3000","service":"learner-ai-backend","timestamp":"2025-10-24T18:10:32.776Z"}
{"level":"info","message":"Available user types: learner, company","service":"learner-ai-backend","timestamp":"2025-10-24T18:10:32.776Z"}
{"level":"info","message":"Test endpoints:","service":"learner-ai-backend","timestamp":"2025-10-24T18:10:32.780Z"}
{"level":"info","message":"  GET /api/user-type?type=learner","service":"learner-ai-backend","timestamp":"2025-10-24T18:10:32.780Z"}
{"level":"info","message":"  GET /api/user-type?type=company","service":"learner-ai-backend","timestamp":"2025-10-24T18:10:32.783Z"}
{"level":"info","message":"Mock Backend Server running on port 5000","service":"learner-ai-backend","timestamp":"2025-10-24T18:13:42.005Z"}
{"level":"info","message":"Frontend URL: http://localhost:3000","service":"learner-ai-backend","timestamp":"2025-10-24T18:13:42.008Z"}
{"level":"info","message":"Available user types: learner, company","service":"learner-ai-backend","timestamp":"2025-10-24T18:13:42.009Z"}
{"level":"info","message":"Test endpoints:","service":"learner-ai-backend","timestamp":"2025-10-24T18:13:42.009Z"}
{"level":"info","message":"  GET /api/user-type?type=learner","service":"learner-ai-backend","timestamp":"2025-10-24T18:13:42.009Z"}
{"level":"info","message":"  GET /api/user-type?type=company","service":"learner-ai-backend","timestamp":"2025-10-24T18:13:42.010Z"}
{"level":"info","message":"Mock Backend Server running on port 5000","service":"learner-ai-backend","timestamp":"2025-10-24T18:22:15.946Z"}
{"level":"info","message":"Frontend URL: http://localhost:3000","service":"learner-ai-backend","timestamp":"2025-10-24T18:22:15.949Z"}
{"level":"info","message":"Available user types: learner, company","service":"learner-ai-backend","timestamp":"2025-10-24T18:22:15.950Z"}
{"level":"info","message":"Test endpoints:","service":"learner-ai-backend","timestamp":"2025-10-24T18:22:15.950Z"}
{"level":"info","message":"  GET /api/user-type?type=learner","service":"learner-ai-backend","timestamp":"2025-10-24T18:22:15.951Z"}
{"level":"info","message":"  GET /api/user-type?type=company","service":"learner-ai-backend","timestamp":"2025-10-24T18:22:15.951Z"}
{"level":"info","message":"Mock Backend Server running on port 5000","service":"learner-ai-backend","timestamp":"2025-10-24T18:22:45.192Z"}
{"level":"info","message":"Frontend URL: http://localhost:3000","service":"learner-ai-backend","timestamp":"2025-10-24T18:22:45.198Z"}
{"level":"info","message":"Available user types: learner, company","service":"learner-ai-backend","timestamp":"2025-10-24T18:22:45.199Z"}
{"level":"info","message":"Test endpoints:","service":"learner-ai-backend","timestamp":"2025-10-24T18:22:45.199Z"}
{"level":"info","message":"  GET /api/user-type?type=learner","service":"learner-ai-backend","timestamp":"2025-10-24T18:22:45.200Z"}
{"level":"info","message":"  GET /api/user-type?type=company","service":"learner-ai-backend","timestamp":"2025-10-24T18:22:45.200Z"}
{"level":"info","message":"Mock Backend Server running on port 5000","service":"learner-ai-backend","timestamp":"2025-10-24T19:09:19.532Z"}
{"level":"info","message":"Frontend URL: http://localhost:3000","service":"learner-ai-backend","timestamp":"2025-10-24T19:09:19.539Z"}
{"level":"info","message":"Available user types: learner, company","service":"learner-ai-backend","timestamp":"2025-10-24T19:09:19.540Z"}
{"level":"info","message":"Test endpoints:","service":"learner-ai-backend","timestamp":"2025-10-24T19:09:19.540Z"}
{"level":"info","message":"  GET /api/user-type?type=learner","service":"learner-ai-backend","timestamp":"2025-10-24T19:09:19.540Z"}
{"level":"info","message":"  GET /api/user-type?type=company","service":"learner-ai-backend","timestamp":"2025-10-24T19:09:19.541Z"}
{"level":"info","message":"Mock Backend Server running on port 5000","service":"learner-ai-backend","timestamp":"2025-10-24T19:09:20.681Z"}
{"level":"info","message":"Frontend URL: http://localhost:3000","service":"learner-ai-backend","timestamp":"2025-10-24T19:09:20.685Z"}
{"level":"info","message":"Available user types: learner, company","service":"learner-ai-backend","timestamp":"2025-10-24T19:09:20.687Z"}
{"level":"info","message":"Test endpoints:","service":"learner-ai-backend","timestamp":"2025-10-24T19:09:20.688Z"}
{"level":"info","message":"  GET /api/user-type?type=learner","service":"learner-ai-backend","timestamp":"2025-10-24T19:09:20.689Z"}
{"level":"info","message":"  GET /api/user-type?type=company","service":"learner-ai-backend","timestamp":"2025-10-24T19:09:20.690Z"}
{"level":"info","message":"Mock Backend Server running on port 5000","service":"learner-ai-backend","timestamp":"2025-10-24T19:24:56.956Z"}
{"level":"info","message":"Frontend URL: http://localhost:3000","service":"learner-ai-backend","timestamp":"2025-10-24T19:24:56.966Z"}
{"level":"info","message":"Available user types: learner, company","service":"learner-ai-backend","timestamp":"2025-10-24T19:24:56.967Z"}
{"level":"info","message":"Test endpoints:","service":"learner-ai-backend","timestamp":"2025-10-24T19:24:56.968Z"}
{"level":"info","message":"  GET /api/user-type?type=learner","service":"learner-ai-backend","timestamp":"2025-10-24T19:24:56.969Z"}
{"level":"info","message":"  GET /api/user-type?type=company","service":"learner-ai-backend","timestamp":"2025-10-24T19:24:56.970Z"}
{"level":"info","message":"Mock Backend Server running on port 5000","service":"learner-ai-backend","timestamp":"2025-10-24T19:25:19.862Z"}
{"level":"info","message":"Frontend URL: http://localhost:3000","service":"learner-ai-backend","timestamp":"2025-10-24T19:25:19.871Z"}
{"level":"info","message":"Available user types: learner, company","service":"learner-ai-backend","timestamp":"2025-10-24T19:25:19.873Z"}
{"level":"info","message":"Test endpoints:","service":"learner-ai-backend","timestamp":"2025-10-24T19:25:19.874Z"}
{"level":"info","message":"  GET /api/user-type?type=learner","service":"learner-ai-backend","timestamp":"2025-10-24T19:25:19.874Z"}
{"level":"info","message":"  GET /api/user-type?type=company","service":"learner-ai-backend","timestamp":"2025-10-24T19:25:19.875Z"}
{"level":"info","message":"Mock Backend Server running on port 5000","service":"learner-ai-backend","timestamp":"2025-10-24T20:33:13.405Z"}
{"level":"info","message":"Frontend URL: http://localhost:3000","service":"learner-ai-backend","timestamp":"2025-10-24T20:33:13.410Z"}
{"level":"info","message":"Available user types: learner, company","service":"learner-ai-backend","timestamp":"2025-10-24T20:33:13.411Z"}
{"level":"info","message":"Test endpoints:","service":"learner-ai-backend","timestamp":"2025-10-24T20:33:13.412Z"}
{"level":"info","message":"  GET /api/user-type?type=learner","service":"learner-ai-backend","timestamp":"2025-10-24T20:33:13.412Z"}
{"level":"info","message":"  GET /api/user-type?type=company","service":"learner-ai-backend","timestamp":"2025-10-24T20:33:13.413Z"}
{"level":"info","message":"Mock Backend Server running on port 5000","service":"learner-ai-backend","timestamp":"2025-10-24T20:33:17.503Z"}
{"level":"info","message":"Frontend URL: http://localhost:3000","service":"learner-ai-backend","timestamp":"2025-10-24T20:33:17.509Z"}
{"level":"info","message":"Available user types: learner, company","service":"learner-ai-backend","timestamp":"2025-10-24T20:33:17.510Z"}
{"level":"info","message":"Test endpoints:","service":"learner-ai-backend","timestamp":"2025-10-24T20:33:17.510Z"}
{"level":"info","message":"  GET /api/user-type?type=learner","service":"learner-ai-backend","timestamp":"2025-10-24T20:33:17.511Z"}
{"level":"info","message":"  GET /api/user-type?type=company","service":"learner-ai-backend","timestamp":"2025-10-24T20:33:17.511Z"}
{"level":"info","message":"Mock Backend Server running on port 5000","service":"learner-ai-backend","timestamp":"2025-10-24T21:13:29.588Z"}
{"level":"info","message":"Frontend URL: http://localhost:3000","service":"learner-ai-backend","timestamp":"2025-10-24T21:13:29.606Z"}
{"level":"info","message":"Available user types: learner, company","service":"learner-ai-backend","timestamp":"2025-10-24T21:13:29.607Z"}
{"level":"info","message":"Test endpoints:","service":"learner-ai-backend","timestamp":"2025-10-24T21:13:29.607Z"}
{"level":"info","message":"  GET /api/user-type?type=learner","service":"learner-ai-backend","timestamp":"2025-10-24T21:13:29.608Z"}
{"level":"info","message":"  GET /api/user-type?type=company","service":"learner-ai-backend","timestamp":"2025-10-24T21:13:29.608Z"}
